---------- Log from 14.12.2020 19:07:45 ---------------------------------------------------------------------------------------
[14.12.2020 19:11:12] TAssetPreloader.TryCollectFileInfo: "G:\SVN\ProgrammierenSVN\Base Conflict\Graphics\Units\Golems\GolemsSmallGolemTower\" not found!
[14.12.2020 19:11:12] TAssetPreloader.TryCollectFileInfo: "G:\SVN\ProgrammierenSVN\Base Conflict\Graphics\Units\Golems\GolemsSiegeGolem\" not found!
[14.12.2020 19:11:12] TAssetPreloader.TryCollectFileInfo: "G:\SVN\ProgrammierenSVN\Base Conflict\Graphics\Units\White\Defender\" not found!
[14.12.2020 19:11:12] TAssetPreloader.TryCollectFileInfo: "G:\SVN\ProgrammierenSVN\Base Conflict\Graphics\Units\Golems\GolemsBigFlyingGolem\" not found!
[14.12.2020 19:11:12] TAssetPreloader.TryCollectFileInfo: "G:\SVN\ProgrammierenSVN\Base Conflict\Graphics\Units\Blue\Atlas\" not found!
[14.12.2020 19:11:12] TAssetPreloader.TryCollectFileInfo: "G:\SVN\ProgrammierenSVN\Base Conflict\Graphics\Units\Golems\GolemsSmallCasterGolem\" not found!
[14.12.2020 19:11:12] TAssetPreloader.TryCollectFileInfo: "G:\SVN\ProgrammierenSVN\Base Conflict\Graphics\Units\White\PatronSaint\" not found!
[14.12.2020 19:11:12] TAssetPreloader.TryCollectFileInfo: "G:\SVN\ProgrammierenSVN\Base Conflict\Graphics\Units\Golems\GolemsSiegeGolem\" not found!
[14.12.2020 19:11:12] TAssetPreloader.TryCollectFileInfo: "G:\SVN\ProgrammierenSVN\Base Conflict\Graphics\Units\Golems\GolemsSmallFlyingGolem\" not found!
[14.12.2020 19:11:12] TAssetPreloader.TryCollectFileInfo: "G:\SVN\ProgrammierenSVN\Base Conflict\Graphics\Units\Golems\GolemsSmallMeleeGolem\" not found!
[14.12.2020 19:11:12] TAssetPreloader.TryCollectFileInfo: "G:\SVN\ProgrammierenSVN\Base Conflict\Graphics\Units\Golems\GolemsMediumMeleeGolem\" not found!
[14.12.2020 19:11:12] TAssetPreloader.TryCollectFileInfo: "G:\SVN\ProgrammierenSVN\Base Conflict\Graphics\Units\Golems\GolemsMeleeGolemTower\" not found!
[14.12.2020 19:11:12] TAssetPreloader.TryCollectFileInfo: "G:\SVN\ProgrammierenSVN\Base Conflict\Graphics\Units\Golems\GolemsMediumMeleeGolem\" not found!
[14.12.2020 19:11:12] TAssetPreloader.TryCollectFileInfo: "G:\SVN\ProgrammierenSVN\Base Conflict\Graphics\Units\Golems\GolemsBigMeleeGolem\" not found!
[14.12.2020 19:11:12] TAssetPreloader.TryCollectFileInfo: "G:\SVN\ProgrammierenSVN\Base Conflict\Graphics\Units\Golems\GolemsSmallRangedGolem\" not found!
[14.12.2020 19:11:12] TAssetPreloader.TryCollectFileInfo: "G:\SVN\ProgrammierenSVN\Base Conflict\Graphics\Units\Golems\GolemsBigCasterGolem\" not found!
[14.12.2020 19:11:12] TAssetPreloader.TryCollectFileInfo: "G:\SVN\ProgrammierenSVN\Base Conflict\Graphics\Units\Golems\GolemsBigGolemTower\" not found!
[14.12.2020 19:11:12] TAssetPreloader.TryCollectFileInfo: "G:\SVN\ProgrammierenSVN\Base Conflict\Graphics\Units\Golems\GolemsBigMeleeGolem\" not found!
[14.12.2020 19:11:12] TAssetPreloader.TryCollectFileInfo: "G:\SVN\ProgrammierenSVN\Base Conflict\Graphics\Units\Golems\GolemsBigFlyingGolem\" not found!
[14.12.2020 19:11:12] TAssetPreloader.TryCollectFileInfo: "G:\SVN\ProgrammierenSVN\Base Conflict\Graphics\Units\Golems\GolemsBossGolem\" not found!
[14.12.2020 19:11:12] TAssetPreloader.TryCollectFileInfo: "G:\SVN\ProgrammierenSVN\Base Conflict\Graphics\Units\Blue\ObserverDrone\" not found!
[14.12.2020 19:11:12] TAssetPreloader.TryCollectFileInfo: "G:\SVN\ProgrammierenSVN\Base Conflict\Graphics\Units\Green\Brratu\" not found!
[14.12.2020 19:11:12] TAssetPreloader.TryCollectFileInfo: "G:\SVN\ProgrammierenSVN\Base Conflict\Graphics\Units\Green\Brratu\" not found!
[14.12.2020 19:11:12] TAssetPreloader.TryCollectFileInfo: "G:\SVN\ProgrammierenSVN\Base Conflict\Graphics\Units\Golems\GolemsSmallFlyingGolem\" not found!
[14.12.2020 19:11:12] TAssetPreloader.TryCollectFileInfo: "G:\SVN\ProgrammierenSVN\Base Conflict\Graphics\Units\Golems\GolemsSmallCasterGolem\" not found!
[14.12.2020 19:11:12] TAssetPreloader.TryCollectFileInfo: "G:\SVN\ProgrammierenSVN\Base Conflict\Graphics\Units\Blue\Atlas\" not found!
[14.12.2020 19:11:12] TAssetPreloader.TryCollectFileInfo: "G:\SVN\ProgrammierenSVN\Base Conflict\Graphics\Units\Golems\GolemsSmallRangedGolem\" not found!
[14.12.2020 19:11:12] TAssetPreloader.TryCollectFileInfo: "G:\SVN\ProgrammierenSVN\Base Conflict\Graphics\Units\White\MonumentOfLight\" not found!
[14.12.2020 19:11:12] TAssetPreloader.TryCollectFileInfo: "G:\SVN\ProgrammierenSVN\Base Conflict\Graphics\Units\White\PatronSaint\" not found!
[14.12.2020 19:11:12] TAssetPreloader.TryCollectFileInfo: "G:\SVN\ProgrammierenSVN\Base Conflict\Graphics\Units\Golems\GolemsBigCasterGolem\" not found!
[14.12.2020 19:11:12] TAssetPreloader.TryCollectFileInfo: "G:\SVN\ProgrammierenSVN\Base Conflict\Graphics\Units\Blue\Aegis\" not found!
[14.12.2020 19:11:12] TAssetPreloader.TryCollectFileInfo: "G:\SVN\ProgrammierenSVN\Base Conflict\Graphics\Units\Black\Vecra\" not found!
[14.12.2020 19:11:12] TAssetPreloader.TryCollectFileInfo: "G:\SVN\ProgrammierenSVN\Base Conflict\Graphics\Units\Golems\GolemsSmallMeleeGolem\" not found!
[14.12.2020 19:11:12] TAssetPreloader.TryCollectFileInfo: "G:\SVN\ProgrammierenSVN\Base Conflict\Graphics\Units\White\Defender\" not found!
