---------- Log from 04.06.2020 18:40:12 ---------------------------------------------------------------------------------------
[04.06.2020 18:40:12] TAssetPreloader.TryCollectFileInfo: "G:\SVN\ProgrammierenSVN\Scripts\" not found!
[04.06.2020 18:40:12] TAssetPreloader.TryCollectFileInfo: "G:\SVN\ProgrammierenSVN\Graphics\Effects\" not found!
[04.06.2020 18:40:12] TAssetPreloader.TryCollectFileInfo: "G:\SVN\ProgrammierenSVN\Graphics\Environment\" not found!
[04.06.2020 18:40:12] TAssetPreloader.TryCollectFileInfo: "G:\SVN\ProgrammierenSVN\Graphics\Gameplay\" not found!
[04.06.2020 18:40:12] TAssetPreloader.TryCollectFileInfo: "G:\SVN\ProgrammierenSVN\PrecompiledDX11ShadersCached\" not found!
[04.06.2020 18:40:12] TAssetPreloader.TryCollectFileInfo: "G:\SVN\ProgrammierenSVN\Graphics\GUI\HUD\" not found!
[04.06.2020 18:40:13] TAssetPreloader.TryCollectFileInfo: "G:\SVN\ProgrammierenSVN\Graphics\GUI\Shared\" not found!
[04.06.2020 18:40:13] TAssetPreloader.TryCollectFileInfo: "G:\SVN\ProgrammierenSVN\Graphics\Units\Neutral\" not found!
[04.06.2020 18:40:13] TAssetPreloader.TryCollectFileInfo: "G:\SVN\ProgrammierenSVN\Graphics\Units\Shared\" not found!
[04.06.2020 18:40:13] TAssetPreloader.TryCollectFileInfo: "G:\SVN\ProgrammierenSVN\Graphics\GUI\" not found!
[04.06.2020 18:40:13] TAssetPreloader.TryCollectFileInfo: "G:\SVN\ProgrammierenSVN\Maps\Single" not found!
[04.06.2020 18:40:13] TAssetPreloader.TryCollectFileInfo: "G:\SVN\ProgrammierenSVN\Maps\Classic" not found!
[04.06.2020 18:40:13] TAssetPreloader.TryCollectFileInfo: "G:\SVN\ProgrammierenSVN\Graphics\Units\" not found!
[04.06.2020 18:40:13] TAssetPreloader.TryCollectFileInfo: "G:\SVN\ProgrammierenSVN\Graphics\Units\Colorless\" not found!
[04.06.2020 18:40:13] TAssetPreloader.TryCollectFileInfo: "G:\SVN\ProgrammierenSVN\Graphics\Units\Scenario\" not found!
[04.06.2020 18:40:13] TAssetPreloader.TryCollectFileInfo: "G:\SVN\ProgrammierenSVN\Graphics\GUI\Spelltarget\" not found!
[04.06.2020 18:40:13] TAssetPreloader.TryCollectFileInfo: "G:\SVN\ProgrammierenSVN\Graphics\GUI\MainMenu\Shared\Card\" not found!
[04.06.2020 18:40:13] TAssetPreloader.TryCollectFileInfo: "G:\SVN\ProgrammierenSVN\Graphics\GUI\Shared\CardIcons\" not found!
[04.06.2020 18:40:13] TAssetPreloader.TryCollectFileInfo: "G:\SVN\ProgrammierenSVN\Graphics\Units\Blue\AirDominator\" not found!
[04.06.2020 18:40:13] TAssetPreloader.TryCollectFileInfo: "G:\SVN\ProgrammierenSVN\Graphics\Units\Blue\DamperDrone_scill\" not found!
[04.06.2020 18:40:13] TAssetPreloader.TryCollectFileInfo: "G:\SVN\ProgrammierenSVN\Graphics\Units\Blue\DamperDrone_scill\" not found!
[04.06.2020 18:40:13] TAssetPreloader.TryCollectFileInfo: "G:\SVN\ProgrammierenSVN\Graphics\Units\Golems\GolemsSiegeGolem\" not found!
[04.06.2020 18:40:13] TAssetPreloader.TryCollectFileInfo: "G:\SVN\ProgrammierenSVN\Graphics\Units\Green\Woodwalker_default\" not found!
[04.06.2020 18:40:13] TAssetPreloader.TryCollectFileInfo: "G:\SVN\ProgrammierenSVN\Graphics\Units\White\Defender_default\" not found!
[04.06.2020 18:40:13] TAssetPreloader.TryCollectFileInfo: "G:\SVN\ProgrammierenSVN\Graphics\Units\Golems\GolemsBigFlyingGolem\" not found!
[04.06.2020 18:40:13] TAssetPreloader.TryCollectFileInfo: "G:\SVN\ProgrammierenSVN\Graphics\Units\Golems\GolemsSmallGolemTower\" not found!
[04.06.2020 18:40:13] TAssetPreloader.TryCollectFileInfo: "G:\SVN\ProgrammierenSVN\Graphics\Units\Blue\Atlas_default\" not found!
[04.06.2020 18:40:13] TAssetPreloader.TryCollectFileInfo: "G:\SVN\ProgrammierenSVN\Graphics\Units\Colorless\MediumMeleeGolem\" not found!
[04.06.2020 18:40:13] TAssetPreloader.TryCollectFileInfo: "G:\SVN\ProgrammierenSVN\Graphics\Units\Colorless\SmallFlyingGolem\" not found!
[04.06.2020 18:40:13] TAssetPreloader.TryCollectFileInfo: "G:\SVN\ProgrammierenSVN\Graphics\Units\Black\FrostgoyleFountain\" not found!
[04.06.2020 18:40:13] TAssetPreloader.TryCollectFileInfo: "G:\SVN\ProgrammierenSVN\Graphics\Units\Black\VoidWorm_woodlands\" not found!
[04.06.2020 18:40:13] TAssetPreloader.TryCollectFileInfo: "G:\SVN\ProgrammierenSVN\Graphics\Units\Blue\Inductioner\" not found!
[04.06.2020 18:40:13] TAssetPreloader.TryCollectFileInfo: "G:\SVN\ProgrammierenSVN\Graphics\Units\Colorless\SmallRangedGolem\" not found!
[04.06.2020 18:40:13] TAssetPreloader.TryCollectFileInfo: "G:\SVN\ProgrammierenSVN\Graphics\Units\Green\Sapling_snow\" not found!
[04.06.2020 18:40:13] TAssetPreloader.TryCollectFileInfo: "G:\SVN\ProgrammierenSVN\Graphics\Units\White\Marksman_woodlands\" not found!
[04.06.2020 18:40:13] TAssetPreloader.TryCollectFileInfo: "G:\SVN\ProgrammierenSVN\Graphics\Units\Black\VoidBowman_rainbow\" not found!
[04.06.2020 18:40:13] TAssetPreloader.TryCollectFileInfo: "G:\SVN\ProgrammierenSVN\Graphics\Units\White\Marksman_woodlands\" not found!
[04.06.2020 18:40:13] TAssetPreloader.TryCollectFileInfo: "G:\SVN\ProgrammierenSVN\Graphics\Units\Green\Thistle_default\" not found!
[04.06.2020 18:40:13] TAssetPreloader.TryCollectFileInfo: "G:\SVN\ProgrammierenSVN\Graphics\Units\Black\Tyrus_inflamed\" not found!
[04.06.2020 18:40:13] TAssetPreloader.TryCollectFileInfo: "G:\SVN\ProgrammierenSVN\Graphics\Units\Blue\GatlingDrone_default\" not found!
[04.06.2020 18:40:13] TAssetPreloader.TryCollectFileInfo: "G:\SVN\ProgrammierenSVN\Graphics\Units\White\Footman_underworld\" not found!
[04.06.2020 18:40:13] TAssetPreloader.TryCollectFileInfo: "G:\SVN\ProgrammierenSVN\Graphics\Units\Colorless\SmallRangedGolem\" not found!
[04.06.2020 18:40:13] TAssetPreloader.TryCollectFileInfo: "G:\SVN\ProgrammierenSVN\Graphics\Units\Golems\GolemsSmallCasterGolem\" not found!
[04.06.2020 18:40:13] TAssetPreloader.TryCollectFileInfo: "G:\SVN\ProgrammierenSVN\Graphics\Units\White\Archer_default\" not found!
[04.06.2020 18:40:13] TAssetPreloader.TryCollectFileInfo: "G:\SVN\ProgrammierenSVN\Graphics\Units\Black\VoidAltar\" not found!
[04.06.2020 18:40:13] TAssetPreloader.TryCollectFileInfo: "G:\SVN\ProgrammierenSVN\Graphics\Units\Blue\Bombardier\" not found!
[04.06.2020 18:40:13] TAssetPreloader.TryCollectFileInfo: "G:\SVN\ProgrammierenSVN\Graphics\Units\Colorless\SmallMeleeGolem\" not found!
[04.06.2020 18:40:13] TAssetPreloader.TryCollectFileInfo: "G:\SVN\ProgrammierenSVN\Graphics\Units\Colorless\SiegeGolem\" not found!
[04.06.2020 18:40:13] TAssetPreloader.TryCollectFileInfo: "G:\SVN\ProgrammierenSVN\Graphics\Units\Blue\DamperDrone_default\" not found!
[04.06.2020 18:40:13] TAssetPreloader.TryCollectFileInfo: "G:\SVN\ProgrammierenSVN\Graphics\Units\Green\Groundbreaker\" not found!
[04.06.2020 18:40:13] TAssetPreloader.TryCollectFileInfo: "G:\SVN\ProgrammierenSVN\Graphics\Units\Green\Rootling_machine\" not found!
[04.06.2020 18:40:13] TAssetPreloader.TryCollectFileInfo: "G:\SVN\ProgrammierenSVN\Graphics\Units\Green\Spore\" not found!
[04.06.2020 18:40:13] TAssetPreloader.TryCollectFileInfo: "G:\SVN\ProgrammierenSVN\Graphics\Units\White\PatronSaint\" not found!
[04.06.2020 18:40:13] TAssetPreloader.TryCollectFileInfo: "G:\SVN\ProgrammierenSVN\Graphics\Units\Golems\GolemsSiegeGolem\" not found!
[04.06.2020 18:40:13] TAssetPreloader.TryCollectFileInfo: "G:\SVN\ProgrammierenSVN\Graphics\Units\Blue\GatlingDrone_woodlands\" not found!
[04.06.2020 18:40:13] TAssetPreloader.TryCollectFileInfo: "G:\SVN\ProgrammierenSVN\Graphics\Units\Green\Brratu_underworld\" not found!
[04.06.2020 18:40:13] TAssetPreloader.TryCollectFileInfo: "G:\SVN\ProgrammierenSVN\Graphics\Units\Golems\GolemsSmallFlyingGolem\" not found!
[04.06.2020 18:40:13] TAssetPreloader.TryCollectFileInfo: "G:\SVN\ProgrammierenSVN\Graphics\Units\Black\VoidBane_default\" not found!
[04.06.2020 18:40:13] TAssetPreloader.TryCollectFileInfo: "G:\SVN\ProgrammierenSVN\Graphics\Units\White\Archer_rofl\" not found!
[04.06.2020 18:40:13] TAssetPreloader.TryCollectFileInfo: "G:\SVN\ProgrammierenSVN\Graphics\Units\White\Footman_woodlands\" not found!
[04.06.2020 18:40:13] TAssetPreloader.TryCollectFileInfo: "G:\SVN\ProgrammierenSVN\Graphics\Units\Black\VoidBowman_default\" not found!
[04.06.2020 18:40:13] TAssetPreloader.TryCollectFileInfo: "G:\SVN\ProgrammierenSVN\Graphics\Units\White\Marksman_default\" not found!
[04.06.2020 18:40:13] TAssetPreloader.TryCollectFileInfo: "G:\SVN\ProgrammierenSVN\Graphics\Units\Golems\GolemsSmallMeleeGolem\" not found!
[04.06.2020 18:40:13] TAssetPreloader.TryCollectFileInfo: "G:\SVN\ProgrammierenSVN\Graphics\Units\Golems\GolemsMediumMeleeGolem_default\" not found!
[04.06.2020 18:40:13] TAssetPreloader.TryCollectFileInfo: "G:\SVN\ProgrammierenSVN\Graphics\Units\Blue\PhaseDrone_pur\" not found!
[04.06.2020 18:40:13] TAssetPreloader.TryCollectFileInfo: "G:\SVN\ProgrammierenSVN\Graphics\Units\Black\VoidSkeleton_default\" not found!
[04.06.2020 18:40:13] TAssetPreloader.TryCollectFileInfo: "G:\SVN\ProgrammierenSVN\Graphics\Units\Golems\GolemsMediumMeleeGolem_inflamed\" not found!
[04.06.2020 18:40:13] TAssetPreloader.TryCollectFileInfo: "G:\SVN\ProgrammierenSVN\Graphics\Units\Black\VoidBane_crusader\" not found!
[04.06.2020 18:40:13] TAssetPreloader.TryCollectFileInfo: "G:\SVN\ProgrammierenSVN\Graphics\Units\Green\Oracle_underworld\" not found!
[04.06.2020 18:40:13] TAssetPreloader.TryCollectFileInfo: "G:\SVN\ProgrammierenSVN\Graphics\Units\Blue\AmmoFactory\" not found!
[04.06.2020 18:40:13] TAssetPreloader.TryCollectFileInfo: "G:\SVN\ProgrammierenSVN\Graphics\Units\Golems\GolemsMeleeGolemTower\" not found!
[04.06.2020 18:40:13] TAssetPreloader.TryCollectFileInfo: "G:\SVN\ProgrammierenSVN\Graphics\Units\Black\VoidWraith\" not found!
[04.06.2020 18:40:13] TAssetPreloader.TryCollectFileInfo: "G:\SVN\ProgrammierenSVN\Graphics\Units\Green\SaplingFarm_default\" not found!
[04.06.2020 18:40:13] TAssetPreloader.TryCollectFileInfo: "G:\SVN\ProgrammierenSVN\Graphics\Units\Black\Frostgoyle\" not found!
[04.06.2020 18:40:13] TAssetPreloader.TryCollectFileInfo: "G:\SVN\ProgrammierenSVN\Graphics\Units\Colorless\BigMeleeGolem\" not found!
[04.06.2020 18:40:13] TAssetPreloader.TryCollectFileInfo: "G:\SVN\ProgrammierenSVN\Graphics\Units\Black\VoidSkeleton_crusader\" not found!
[04.06.2020 18:40:13] TAssetPreloader.TryCollectFileInfo: "G:\SVN\ProgrammierenSVN\Graphics\Units\Green\Rootling_underworld\" not found!
[04.06.2020 18:40:13] TAssetPreloader.TryCollectFileInfo: "G:\SVN\ProgrammierenSVN\Graphics\Units\Golems\GolemsMediumMeleeGolem_default\" not found!
[04.06.2020 18:40:13] TAssetPreloader.TryCollectFileInfo: "G:\SVN\ProgrammierenSVN\Graphics\Units\Golems\GolemsBigMeleeGolem\" not found!
[04.06.2020 18:40:13] TAssetPreloader.TryCollectFileInfo: "G:\SVN\ProgrammierenSVN\Graphics\Units\White\Priest_wip\" not found!
[04.06.2020 18:40:13] TAssetPreloader.TryCollectFileInfo: "G:\SVN\ProgrammierenSVN\Graphics\Units\White\Footman_underworld\" not found!
[04.06.2020 18:40:13] TAssetPreloader.TryCollectFileInfo: "G:\SVN\ProgrammierenSVN\Graphics\Units\Blue\GatlingDrone_woodlands\" not found!
[04.06.2020 18:40:13] TAssetPreloader.TryCollectFileInfo: "G:\SVN\ProgrammierenSVN\Graphics\Units\White\Footman_default\" not found!
[04.06.2020 18:40:13] TAssetPreloader.TryCollectFileInfo: "G:\SVN\ProgrammierenSVN\Graphics\Units\Colorless\BigGolemTower\" not found!
[04.06.2020 18:40:13] TAssetPreloader.TryCollectFileInfo: "G:\SVN\ProgrammierenSVN\Graphics\Units\Colorless\BigFlyingGolem\" not found!
[04.06.2020 18:40:13] TAssetPreloader.TryCollectFileInfo: "G:\SVN\ProgrammierenSVN\Graphics\Units\Black\Frostgoyle\" not found!
[04.06.2020 18:40:13] TAssetPreloader.TryCollectFileInfo: "G:\SVN\ProgrammierenSVN\Graphics\Units\White\Defender_popular\" not found!
[04.06.2020 18:40:13] TAssetPreloader.TryCollectFileInfo: "G:\SVN\ProgrammierenSVN\Graphics\Units\Green\Oracle_underworld\" not found!
[04.06.2020 18:40:13] TAssetPreloader.TryCollectFileInfo: "G:\SVN\ProgrammierenSVN\Graphics\Units\Golems\GolemsSmallRangedGolem\" not found!
[04.06.2020 18:40:13] TAssetPreloader.TryCollectFileInfo: "G:\SVN\ProgrammierenSVN\Graphics\Units\Golems\GolemsBigCasterGolem\" not found!
[04.06.2020 18:40:13] TAssetPreloader.TryCollectFileInfo: "G:\SVN\ProgrammierenSVN\Graphics\Units\Green\Oracle_default\" not found!
[04.06.2020 18:40:13] TAssetPreloader.TryCollectFileInfo: "G:\SVN\ProgrammierenSVN\Graphics\Units\White\Archer_default\" not found!
[04.06.2020 18:40:13] TAssetPreloader.TryCollectFileInfo: "G:\SVN\ProgrammierenSVN\Graphics\Units\Black\VoidSlime\" not found!
[04.06.2020 18:40:13] TAssetPreloader.TryCollectFileInfo: "G:\SVN\ProgrammierenSVN\Graphics\Units\Golems\GolemsBigGolemTower\" not found!
[04.06.2020 18:40:13] TAssetPreloader.TryCollectFileInfo: "G:\SVN\ProgrammierenSVN\Graphics\Units\Green\Spore\" not found!
[04.06.2020 18:40:13] TAssetPreloader.TryCollectFileInfo: "G:\SVN\ProgrammierenSVN\Graphics\Units\Green\Woodwalker_default\" not found!
[04.06.2020 18:40:13] TAssetPreloader.TryCollectFileInfo: "G:\SVN\ProgrammierenSVN\Graphics\Units\Green\Rootling_default\" not found!
[04.06.2020 18:40:13] TAssetPreloader.TryCollectFileInfo: "G:\SVN\ProgrammierenSVN\Graphics\Units\White\Ballista\" not found!
[04.06.2020 18:40:13] TAssetPreloader.TryCollectFileInfo: "G:\SVN\ProgrammierenSVN\Graphics\Units\Green\ForestGuardian_default\" not found!
[04.06.2020 18:40:13] TAssetPreloader.TryCollectFileInfo: "G:\SVN\ProgrammierenSVN\Graphics\Units\Blue\PhaseDrone_default\" not found!
[04.06.2020 18:40:13] TAssetPreloader.TryCollectFileInfo: "G:\SVN\ProgrammierenSVN\Graphics\Units\Green\Rootling_machine\" not found!
[04.06.2020 18:40:13] TAssetPreloader.TryCollectFileInfo: "G:\SVN\ProgrammierenSVN\Graphics\Units\Black\VoidBowman_rainbow\" not found!
[04.06.2020 18:40:13] TAssetPreloader.TryCollectFileInfo: "G:\SVN\ProgrammierenSVN\Graphics\Units\Black\VoidWorm_default\" not found!
[04.06.2020 18:40:14] TAssetPreloader.TryCollectFileInfo: "G:\SVN\ProgrammierenSVN\Graphics\Units\Blue\DamperDrone_default\" not found!
[04.06.2020 18:40:14] TAssetPreloader.TryCollectFileInfo: "G:\SVN\ProgrammierenSVN\Graphics\Units\Golems\GolemsMediumMeleeGolem_inflamed\" not found!
[04.06.2020 18:40:14] TAssetPreloader.TryCollectFileInfo: "G:\SVN\ProgrammierenSVN\Graphics\Units\White\Footman_default\" not found!
[04.06.2020 18:40:14] TAssetPreloader.TryCollectFileInfo: "G:\SVN\ProgrammierenSVN\Graphics\Units\Golems\GolemsBigMeleeGolem\" not found!
[04.06.2020 18:40:14] TAssetPreloader.TryCollectFileInfo: "G:\SVN\ProgrammierenSVN\Graphics\Units\White\Monk_underworld\" not found!
[04.06.2020 18:40:14] TAssetPreloader.TryCollectFileInfo: "G:\SVN\ProgrammierenSVN\Graphics\Units\Blue\Inductioner\" not found!
[04.06.2020 18:40:14] TAssetPreloader.TryCollectFileInfo: "G:\SVN\ProgrammierenSVN\Graphics\Units\Green\SaplingFarm_snow\" not found!
[04.06.2020 18:40:14] TAssetPreloader.TryCollectFileInfo: "G:\SVN\ProgrammierenSVN\Graphics\Units\White\Avenger\" not found!
[04.06.2020 18:40:14] TAssetPreloader.TryCollectFileInfo: "G:\SVN\ProgrammierenSVN\Graphics\Units\Black\VoidBane_rainbow\" not found!
[04.06.2020 18:40:14] TAssetPreloader.TryCollectFileInfo: "G:\SVN\ProgrammierenSVN\Graphics\Units\Green\Thistle_underworld\" not found!
[04.06.2020 18:40:14] TAssetPreloader.TryCollectFileInfo: "G:\SVN\ProgrammierenSVN\Graphics\Units\Green\HeartOfTheForest\" not found!
[04.06.2020 18:40:14] TAssetPreloader.TryCollectFileInfo: "G:\SVN\ProgrammierenSVN\Graphics\Units\Golems\GolemsBigFlyingGolem\" not found!
[04.06.2020 18:40:14] TAssetPreloader.TryCollectFileInfo: "G:\SVN\ProgrammierenSVN\Graphics\Units\Colorless\SmallFlyingGolem\" not found!
[04.06.2020 18:40:14] TAssetPreloader.TryCollectFileInfo: "G:\SVN\ProgrammierenSVN\Graphics\Units\Blue\ShieldDrone\" not found!
[04.06.2020 18:40:14] TAssetPreloader.TryCollectFileInfo: "G:\SVN\ProgrammierenSVN\Graphics\Units\Green\Sapling_default\" not found!
[04.06.2020 18:40:14] TAssetPreloader.TryCollectFileInfo: "G:\SVN\ProgrammierenSVN\Graphics\Units\Golems\GolemsBossGolem_default\" not found!
[04.06.2020 18:40:14] TAssetPreloader.TryCollectFileInfo: "G:\SVN\ProgrammierenSVN\Graphics\Units\White\Priest_wip\" not found!
[04.06.2020 18:40:14] TAssetPreloader.TryCollectFileInfo: "G:\SVN\ProgrammierenSVN\Graphics\Units\Black\VoidCauldron\" not found!
[04.06.2020 18:40:14] TAssetPreloader.TryCollectFileInfo: "G:\SVN\ProgrammierenSVN\Graphics\Units\Blue\ObserverDrone\" not found!
[04.06.2020 18:40:14] TAssetPreloader.TryCollectFileInfo: "G:\SVN\ProgrammierenSVN\Graphics\Units\Blue\PhaseDrone_default\" not found!
[04.06.2020 18:40:14] TAssetPreloader.TryCollectFileInfo: "G:\SVN\ProgrammierenSVN\Graphics\Units\Black\VoidBane_rainbow\" not found!
[04.06.2020 18:40:14] TAssetPreloader.TryCollectFileInfo: "G:\SVN\ProgrammierenSVN\Graphics\Units\Blue\Bombardier\" not found!
[04.06.2020 18:40:14] TAssetPreloader.TryCollectFileInfo: "G:\SVN\ProgrammierenSVN\Graphics\Units\Green\Brratu\" not found!
[04.06.2020 18:40:14] TAssetPreloader.TryCollectFileInfo: "G:\SVN\ProgrammierenSVN\Graphics\Units\Green\Wisp\" not found!
[04.06.2020 18:40:14] TAssetPreloader.TryCollectFileInfo: "G:\SVN\ProgrammierenSVN\Graphics\Units\White\Footman_machine\" not found!
[04.06.2020 18:40:14] TAssetPreloader.TryCollectFileInfo: "G:\SVN\ProgrammierenSVN\Graphics\Units\Green\Brratu_default\" not found!
[04.06.2020 18:40:14] TAssetPreloader.TryCollectFileInfo: "G:\SVN\ProgrammierenSVN\Graphics\Units\Colorless\BigMeleeGolem\" not found!
[04.06.2020 18:40:14] TAssetPreloader.TryCollectFileInfo: "G:\SVN\ProgrammierenSVN\Graphics\Units\Golems\GolemsSmallFlyingGolem\" not found!
[04.06.2020 18:40:14] TAssetPreloader.TryCollectFileInfo: "G:\SVN\ProgrammierenSVN\Graphics\Units\Golems\GolemsBossGolem_tournament\" not found!
[04.06.2020 18:40:14] TAssetPreloader.TryCollectFileInfo: "G:\SVN\ProgrammierenSVN\Graphics\Units\White\Footman_machine\" not found!
[04.06.2020 18:40:14] TAssetPreloader.TryCollectFileInfo: "G:\SVN\ProgrammierenSVN\Graphics\Units\Blue\MissileTurret\" not found!
[04.06.2020 18:40:14] TAssetPreloader.TryCollectFileInfo: "G:\SVN\ProgrammierenSVN\Graphics\Units\Green\Thistle_underworld\" not found!
[04.06.2020 18:40:14] TAssetPreloader.TryCollectFileInfo: "G:\SVN\ProgrammierenSVN\Graphics\Units\Golems\GolemsSmallCasterGolem\" not found!
[04.06.2020 18:40:14] TAssetPreloader.TryCollectFileInfo: "G:\SVN\ProgrammierenSVN\Graphics\Units\White\Priest_default\" not found!
[04.06.2020 18:40:14] TAssetPreloader.TryCollectFileInfo: "G:\SVN\ProgrammierenSVN\Graphics\Units\Blue\Atlas\" not found!
[04.06.2020 18:40:14] TAssetPreloader.TryCollectFileInfo: "G:\SVN\ProgrammierenSVN\Graphics\Units\Golems\GolemsSmallRangedGolem\" not found!
[04.06.2020 18:40:14] TAssetPreloader.TryCollectFileInfo: "G:\SVN\ProgrammierenSVN\Graphics\Units\Black\VoidWraith\" not found!
[04.06.2020 18:40:14] TAssetPreloader.TryCollectFileInfo: "G:\SVN\ProgrammierenSVN\Graphics\Units\Green\HeartOfTheForest\" not found!
[04.06.2020 18:40:14] TAssetPreloader.TryCollectFileInfo: "G:\SVN\ProgrammierenSVN\Graphics\Units\White\MonumentOfLight\" not found!
[04.06.2020 18:40:14] TAssetPreloader.TryCollectFileInfo: "G:\SVN\ProgrammierenSVN\Graphics\Units\Black\VoidWorm_woodlands\" not found!
[04.06.2020 18:40:14] TAssetPreloader.TryCollectFileInfo: "G:\SVN\ProgrammierenSVN\Graphics\Units\White\Ballista\" not found!
[04.06.2020 18:40:14] TAssetPreloader.TryCollectFileInfo: "G:\SVN\ProgrammierenSVN\Graphics\Units\White\Footman_woodlands\" not found!
[04.06.2020 18:40:14] TAssetPreloader.TryCollectFileInfo: "G:\SVN\ProgrammierenSVN\Graphics\Units\White\PatronSaint\" not found!
[04.06.2020 18:40:14] TAssetPreloader.TryCollectFileInfo: "G:\SVN\ProgrammierenSVN\Graphics\Units\Green\Thistle_default\" not found!
[04.06.2020 18:40:14] TAssetPreloader.TryCollectFileInfo: "G:\SVN\ProgrammierenSVN\Graphics\Units\Black\VoidBane_default\" not found!
[04.06.2020 18:40:14] TAssetPreloader.TryCollectFileInfo: "G:\SVN\ProgrammierenSVN\Graphics\Units\Black\VoidWorm_default\" not found!
[04.06.2020 18:40:14] TAssetPreloader.TryCollectFileInfo: "G:\SVN\ProgrammierenSVN\Graphics\Units\Blue\GatlingTurret_steam\" not found!
[04.06.2020 18:40:14] TAssetPreloader.TryCollectFileInfo: "G:\SVN\ProgrammierenSVN\Graphics\Units\Golems\GolemsBigCasterGolem\" not found!
[04.06.2020 18:40:14] TAssetPreloader.TryCollectFileInfo: "G:\SVN\ProgrammierenSVN\Graphics\Units\Colorless\SiegeGolem\" not found!
[04.06.2020 18:40:14] TAssetPreloader.TryCollectFileInfo: "G:\SVN\ProgrammierenSVN\Graphics\Units\Colorless\MeleeGolemTower\" not found!
[04.06.2020 18:40:14] TAssetPreloader.TryCollectFileInfo: "G:\SVN\ProgrammierenSVN\Graphics\Units\Colorless\SmallCasterGolem\" not found!
[04.06.2020 18:40:14] TAssetPreloader.TryCollectFileInfo: "G:\SVN\ProgrammierenSVN\Graphics\Units\Blue\Airdominator\" not found!
[04.06.2020 18:40:14] TAssetPreloader.TryCollectFileInfo: "G:\SVN\ProgrammierenSVN\Graphics\Units\White\Marksman_default\" not found!
[04.06.2020 18:40:14] TAssetPreloader.TryCollectFileInfo: "G:\SVN\ProgrammierenSVN\Graphics\Units\Black\VoidBowman_default\" not found!
[04.06.2020 18:40:14] TAssetPreloader.TryCollectFileInfo: "G:\SVN\ProgrammierenSVN\Graphics\Units\Green\RootDude\" not found!
[04.06.2020 18:40:14] TAssetPreloader.TryCollectFileInfo: "G:\SVN\ProgrammierenSVN\Graphics\Units\Colorless\SmallMeleeGolem\" not found!
[04.06.2020 18:40:14] TAssetPreloader.TryCollectFileInfo: "G:\SVN\ProgrammierenSVN\Graphics\Units\Blue\GatlingDrone_default\" not found!
[04.06.2020 18:40:14] TAssetPreloader.TryCollectFileInfo: "G:\SVN\ProgrammierenSVN\Graphics\Units\Green\Thistle_scill\" not found!
[04.06.2020 18:40:14] TAssetPreloader.TryCollectFileInfo: "G:\SVN\ProgrammierenSVN\Graphics\Units\Blue\ShieldDrone\" not found!
[04.06.2020 18:40:14] TAssetPreloader.TryCollectFileInfo: "G:\SVN\ProgrammierenSVN\Graphics\Units\Blue\PhaseDrone_pur\" not found!
[04.06.2020 18:40:14] TAssetPreloader.TryCollectFileInfo: "G:\SVN\ProgrammierenSVN\Graphics\Units\Green\Rootling_default\" not found!
[04.06.2020 18:40:14] TAssetPreloader.TryCollectFileInfo: "G:\SVN\ProgrammierenSVN\Graphics\Units\White\HeavyGunner\" not found!
[04.06.2020 18:40:14] TAssetPreloader.TryCollectFileInfo: "G:\SVN\ProgrammierenSVN\Graphics\Units\Green\Oracle_crusader\" not found!
[04.06.2020 18:40:14] TAssetPreloader.TryCollectFileInfo: "G:\SVN\ProgrammierenSVN\Graphics\Units\Blue\Atlas_popular\" not found!
[04.06.2020 18:40:14] TAssetPreloader.TryCollectFileInfo: "G:\SVN\ProgrammierenSVN\Graphics\Units\Blue\GatlingTurret_default\" not found!
[04.06.2020 18:40:14] TAssetPreloader.TryCollectFileInfo: "G:\SVN\ProgrammierenSVN\Graphics\Units\Black\VoidBane_crusader\" not found!
[04.06.2020 18:40:14] TAssetPreloader.TryCollectFileInfo: "G:\SVN\ProgrammierenSVN\Graphics\Units\Green\Oracle_default\" not found!
[04.06.2020 18:40:14] TAssetPreloader.TryCollectFileInfo: "G:\SVN\ProgrammierenSVN\Graphics\Units\Blue\Aegis\" not found!
[04.06.2020 18:40:14] TAssetPreloader.TryCollectFileInfo: "G:\SVN\ProgrammierenSVN\Graphics\Units\Black\VoidSkeleton_default\" not found!
[04.06.2020 18:40:14] TAssetPreloader.TryCollectFileInfo: "G:\SVN\ProgrammierenSVN\Graphics\Units\Green\Groundbreaker\" not found!
[04.06.2020 18:40:14] TAssetPreloader.TryCollectFileInfo: "G:\SVN\ProgrammierenSVN\Graphics\Units\Green\Sapling_default\" not found!
[04.06.2020 18:40:14] TAssetPreloader.TryCollectFileInfo: "G:\SVN\ProgrammierenSVN\Graphics\Units\White\Priest_default\" not found!
[04.06.2020 18:40:14] TAssetPreloader.TryCollectFileInfo: "G:\SVN\ProgrammierenSVN\Graphics\Units\Colorless\BigFlyingGolem\" not found!
[04.06.2020 18:40:14] TAssetPreloader.TryCollectFileInfo: "G:\SVN\ProgrammierenSVN\Graphics\Units\White\Monk_default\" not found!
[04.06.2020 18:40:14] TAssetPreloader.TryCollectFileInfo: "G:\SVN\ProgrammierenSVN\Graphics\Units\Colorless\BigCasterGolem\" not found!
[04.06.2020 18:40:14] TAssetPreloader.TryCollectFileInfo: "G:\SVN\ProgrammierenSVN\Graphics\Units\Black\VoidSkeleton_crusader\" not found!
[04.06.2020 18:40:14] TAssetPreloader.TryCollectFileInfo: "G:\SVN\ProgrammierenSVN\Graphics\Units\Green\Rootling_underworld\" not found!
[04.06.2020 18:40:14] TAssetPreloader.TryCollectFileInfo: "G:\SVN\ProgrammierenSVN\Graphics\Units\Green\Sapling_snow\" not found!
[04.06.2020 18:40:14] TAssetPreloader.TryCollectFileInfo: "G:\SVN\ProgrammierenSVN\Graphics\Units\Colorless\BossGolem\" not found!
[04.06.2020 18:40:14] TAssetPreloader.TryCollectFileInfo: "G:\SVN\ProgrammierenSVN\Graphics\Units\Green\RootDude\" not found!
[04.06.2020 18:40:14] TAssetPreloader.TryCollectFileInfo: "G:\SVN\ProgrammierenSVN\Graphics\Units\Colorless\BigCasterGolem\" not found!
[04.06.2020 18:40:14] TAssetPreloader.TryCollectFileInfo: "G:\SVN\ProgrammierenSVN\Graphics\Units\Black\Vecra\" not found!
[04.06.2020 18:40:14] TAssetPreloader.TryCollectFileInfo: "G:\SVN\ProgrammierenSVN\Graphics\Units\Green\ForestGuardian_spring\" not found!
[04.06.2020 18:40:14] TAssetPreloader.TryCollectFileInfo: "G:\SVN\ProgrammierenSVN\Graphics\Units\White\HeavyGunner\" not found!
[04.06.2020 18:40:14] TAssetPreloader.TryCollectFileInfo: "G:\SVN\ProgrammierenSVN\Graphics\Units\Golems\GolemsSmallMeleeGolem\" not found!
[04.06.2020 18:40:14] TAssetPreloader.TryCollectFileInfo: "G:\SVN\ProgrammierenSVN\Graphics\Units\Green\Oracle_crusader\" not found!
[04.06.2020 18:40:14] TAssetPreloader.TryCollectFileInfo: "G:\SVN\ProgrammierenSVN\Graphics\Units\Black\Tyrus_default\" not found!
[04.06.2020 18:40:14] TAssetPreloader.TryCollectFileInfo: "G:\SVN\ProgrammierenSVN\Graphics\Units\White\Archer_rofl\" not found!
[04.06.2020 18:40:14] TAssetPreloader.TryCollectFileInfo: "G:\SVN\ProgrammierenSVN\Graphics\Units\Green\Thistle_scill\" not found!
[04.06.2020 18:40:14] TAssetPreloader.TryCollectFileInfo: "G:\SVN\ProgrammierenSVN\Graphics\Units\White\Monk_default\" not found!
[04.06.2020 18:40:14] TAssetPreloader.TryCollectFileInfo: "G:\SVN\ProgrammierenSVN\Graphics\Units\White\Monk_underworld\" not found!
[04.06.2020 18:40:14] TAssetPreloader.TryCollectFileInfo: "G:\SVN\ProgrammierenSVN\Graphics\Units\Black\VoidSlime\" not found!
[04.06.2020 18:40:14] TAssetPreloader.TryCollectFileInfo: "G:\SVN\ProgrammierenSVN\Graphics\Units\Colorless\SmallGolemTower\" not found!
[04.06.2020 18:40:14] TAssetPreloader.TryCollectFileInfo: "G:\SVN\ProgrammierenSVN\Graphics\Units\Green\Wisp\" not found!
[04.06.2020 18:40:14] TAssetPreloader.TryCollectFileInfo: "G:\SVN\ProgrammierenSVN\Graphics\Units\Colorless\SmallCasterGolem\" not found!
[04.06.2020 18:40:14] TAssetPreloader.TryCollectFileInfo: "G:\SVN\ProgrammierenSVN\Graphics\Units\White\Avenger\" not found!
[04.06.2020 18:40:14] TAssetPreloader.TryCollectFileInfo: "G:\SVN\ProgrammierenSVN\Graphics\Units\White\Suntower\" not found!
[04.06.2020 18:40:14] TAssetPreloader.TryCollectFileInfo: "G:\SVN\ProgrammierenSVN\Graphics\Units\White\Defender\" not found!
[04.06.2020 18:40:14] TAssetPreloader.TryCollectFileInfo: "G:\SVN\ProgrammierenSVN\Graphics\Units\Black\VoidCauldron\" not found!
[04.06.2020 18:40:14] TAssetPreloader.TryCollectFileInfo: "G:\SVN\ProgrammierenSVN\Graphics\Units\Colorless\MediumMeleeGolem\" not found!
